<?xml version="1.0" encoding="UTF-8"?>
<!-- Generated by org.testng.reporters.JUnitXMLReporter -->
<testsuite ignored="0" hostname="DESKTOP-GRN3GAS" failures="0" tests="4" name="Test" time="15.59" errors="0" timestamp="2021-08-16T14:13:41 IST">
  <testcase classname="Grp1.MavenDem.Homepage" name="loadingAndroid" time="1.857"/>
  <testcase classname="Grp1.MavenDem.Homepage" name="loadingIPhone" time="1.229"/>
  <testcase classname="Grp1.MavenDem.Homepage" name="loadingMac" time="1.226"/>
  <testcase classname="Grp1.MavenDem.Homepage" name="loadingWindows" time="1.225"/>
</testsuite> <!-- Test -->
