<?xml version="1.0" encoding="UTF-8"?>
<!-- Generated by org.testng.reporters.JUnitXMLReporter -->
<testsuite ignored="0" hostname="DESKTOP-GRN3GAS" failures="0" tests="4" name="Test" time="13.199" errors="0" timestamp="2021-08-16T14:17:27 IST">
  <testcase classname="Grp1.MavenDem.Homepage" name="loadingAndroid" time="1.636"/>
  <testcase classname="Grp1.MavenDem.Homepage" name="loadingIPhone" time="1.475"/>
  <testcase classname="Grp1.MavenDem.Homepage" name="loadingMac" time="1.51"/>
  <testcase classname="Grp1.MavenDem.Homepage" name="loadingWindows" time="1.627"/>
</testsuite> <!-- Test -->
