<?xml version="1.0" encoding="UTF-8"?>
<testng-results ignored="0" total="4" passed="4" failed="0" skipped="0">
  <reporter-output>
  </reporter-output>
  <suite started-at="2021-08-16T14:17:14 IST" name="Suite" finished-at="2021-08-16T14:17:27 IST" duration-ms="13199">
    <groups>
    </groups>
    <test started-at="2021-08-16T14:17:14 IST" name="Test" finished-at="2021-08-16T14:17:27 IST" duration-ms="13199">
      <class name="Grp1.MavenDem.Homepage">
        <test-method is-config="true" signature="initialize()[pri:0, instance:Grp1.MavenDem.Homepage@10959ece]" started-at="2021-08-16T14:17:14 IST" name="initialize" finished-at="2021-08-16T14:17:21 IST" duration-ms="6587" status="PASS">
          <reporter-output>
          </reporter-output>
        </test-method> <!-- initialize -->
        <test-method signature="loadingAndroid()[pri:0, instance:Grp1.MavenDem.Homepage@10959ece]" started-at="2021-08-16T14:17:21 IST" name="loadingAndroid" finished-at="2021-08-16T14:17:22 IST" duration-ms="1636" status="PASS">
          <reporter-output>
          </reporter-output>
        </test-method> <!-- loadingAndroid -->
        <test-method signature="loadingIPhone()[pri:0, instance:Grp1.MavenDem.Homepage@10959ece]" started-at="2021-08-16T14:17:22 IST" name="loadingIPhone" finished-at="2021-08-16T14:17:24 IST" duration-ms="1475" status="PASS">
          <reporter-output>
          </reporter-output>
        </test-method> <!-- loadingIPhone -->
        <test-method signature="loadingMac()[pri:0, instance:Grp1.MavenDem.Homepage@10959ece]" started-at="2021-08-16T14:17:24 IST" name="loadingMac" finished-at="2021-08-16T14:17:25 IST" duration-ms="1510" status="PASS">
          <reporter-output>
          </reporter-output>
        </test-method> <!-- loadingMac -->
        <test-method signature="loadingWindows()[pri:0, instance:Grp1.MavenDem.Homepage@10959ece]" started-at="2021-08-16T14:17:25 IST" name="loadingWindows" finished-at="2021-08-16T14:17:27 IST" duration-ms="1627" status="PASS">
          <reporter-output>
          </reporter-output>
        </test-method> <!-- loadingWindows -->
        <test-method is-config="true" signature="teardown()[pri:0, instance:Grp1.MavenDem.Homepage@10959ece]" started-at="2021-08-16T14:17:27 IST" name="teardown" finished-at="2021-08-16T14:17:27 IST" duration-ms="267" status="PASS">
          <reporter-output>
          </reporter-output>
        </test-method> <!-- teardown -->
      </class> <!-- Grp1.MavenDem.Homepage -->
    </test> <!-- Test -->
  </suite> <!-- Suite -->
</testng-results>
