<?xml version="1.0" encoding="UTF-8"?>
<testsuite xmlns:xsi="http://www.w3.org/2001/XMLSchema-instance" xsi:noNamespaceSchemaLocation="https://maven.apache.org/surefire/maven-surefire-plugin/xsd/surefire-test-report-3.0.xsd" version="3.0" name="TestSuite" time="14.223" tests="4" errors="0" skipped="0" failures="0">
  <properties>
[...]
</properties>
  <testcase name="loadingAndroid" classname="Grp1.MavenDem.Homepage" time="1.591">
    <system-out><![CDATA[DesiredCapabilities caps = new DesiredCapabilities();
caps.setCapability("os_version", "11.0");
caps.setCapability("device", "Samsung Galaxy S21");
caps.setCapability("real_mobile", "true");
caps.setCapability("browserstack.local", "false");
]]></system-out>
    <system-err><![CDATA[Starting ChromeDriver 91.0.4472.101 (af52a90bf87030dd1523486a1cd3ae25c5d76c9b-refs/branch-heads/4472@{#1462}) on port 28304
Only local connections are allowed.
Please see https://chromedriver.chromium.org/security-considerations for suggestions on keeping ChromeDriver safe.
ChromeDriver was started successfully.
[1629103637.438][WARNING]: This version of ChromeDriver has not been tested with Chrome version 92.
Aug 16, 2021 2:17:17 PM org.openqa.selenium.remote.ProtocolHandshake createSession
INFO: Detected dialect: W3C
]]></system-err>
  </testcase>
  <testcase name="loadingIPhone" classname="Grp1.MavenDem.Homepage" time="1.473">
    <system-out><![CDATA[DesiredCapabilities caps = new DesiredCapabilities();
caps.setCapability("os_version", "14");
caps.setCapability("device", "iPhone 12 Pro Max");
caps.setCapability("real_mobile", "true");
caps.setCapability("browserstack.local", "false");
]]></system-out>
  </testcase>
  <testcase name="loadingMac" classname="Grp1.MavenDem.Homepage" time="1.543">
    <system-out><![CDATA[DesiredCapabilities caps = new DesiredCapabilities();
caps.setCapability("os", "OS X");
caps.setCapability("os_version", "Catalina");
caps.setCapability("browser", "Firefox");
caps.setCapability("browser_version", "89.0");
caps.setCapability("browserstack.local", "false");
caps.setCapability("browserstack.selenium_version", "3.14.0");
]]></system-out>
  </testcase>
  <testcase name="loadingWindows" classname="Grp1.MavenDem.Homepage" time="1.597">
    <system-out><![CDATA[DesiredCapabilities caps = new DesiredCapabilities();
caps.setCapability("os", "Windows");
caps.setCapability("os_version", "8.1");
caps.setCapability("browser", "Chrome");
caps.setCapability("browser_version", "91.0");
caps.setCapability("browserstack.local", "false");
caps.setCapability("browserstack.selenium_version", "3.14.0");
]]></system-out>
  </testcase>
</testsuite>