<?xml version="1.0" encoding="UTF-8"?>
<testng-results ignored="0" total="4" passed="4" failed="0" skipped="0">
  <reporter-output>
  </reporter-output>
  <suite started-at="2021-08-16T14:13:25 IST" name="Suite" finished-at="2021-08-16T14:13:40 IST" duration-ms="15590">
    <groups>
    </groups>
    <test started-at="2021-08-16T14:13:25 IST" name="Test" finished-at="2021-08-16T14:13:40 IST" duration-ms="15590">
      <class name="Grp1.MavenDem.Homepage">
        <test-method is-config="true" signature="initialize()[pri:0, instance:Grp1.MavenDem.Homepage@57d7f8ca]" started-at="2021-08-16T14:13:25 IST" name="initialize" finished-at="2021-08-16T14:13:31 IST" duration-ms="5691" status="PASS">
          <reporter-output>
          </reporter-output>
        </test-method> <!-- initialize -->
        <test-method signature="loadingAndroid()[pri:0, instance:Grp1.MavenDem.Homepage@57d7f8ca]" started-at="2021-08-16T14:13:31 IST" name="loadingAndroid" finished-at="2021-08-16T14:13:32 IST" duration-ms="1857" status="PASS">
          <reporter-output>
          </reporter-output>
        </test-method> <!-- loadingAndroid -->
        <test-method signature="loadingIPhone()[pri:0, instance:Grp1.MavenDem.Homepage@57d7f8ca]" started-at="2021-08-16T14:13:32 IST" name="loadingIPhone" finished-at="2021-08-16T14:13:34 IST" duration-ms="1229" status="PASS">
          <reporter-output>
          </reporter-output>
        </test-method> <!-- loadingIPhone -->
        <test-method signature="loadingMac()[pri:0, instance:Grp1.MavenDem.Homepage@57d7f8ca]" started-at="2021-08-16T14:13:34 IST" name="loadingMac" finished-at="2021-08-16T14:13:35 IST" duration-ms="1226" status="PASS">
          <reporter-output>
          </reporter-output>
        </test-method> <!-- loadingMac -->
        <test-method signature="loadingWindows()[pri:0, instance:Grp1.MavenDem.Homepage@57d7f8ca]" started-at="2021-08-16T14:13:35 IST" name="loadingWindows" finished-at="2021-08-16T14:13:36 IST" duration-ms="1225" status="PASS">
          <reporter-output>
          </reporter-output>
        </test-method> <!-- loadingWindows -->
        <test-method is-config="true" signature="teardown()[pri:0, instance:Grp1.MavenDem.Homepage@57d7f8ca]" started-at="2021-08-16T14:13:36 IST" name="teardown" finished-at="2021-08-16T14:13:40 IST" duration-ms="4260" status="PASS">
          <reporter-output>
          </reporter-output>
        </test-method> <!-- teardown -->
      </class> <!-- Grp1.MavenDem.Homepage -->
    </test> <!-- Test -->
  </suite> <!-- Suite -->
</testng-results>
